current directory: /Users/mattgraham/github/wrecked/.bundle/ruby/2.3.0/gems/fast-stemmer-1.0.2/ext
/Users/mattgraham/.rbenv/versions/2.3.1/bin/ruby -r ./siteconf20160908-10599-1jyy4u8.rb extconf.rb
creating Makefile

current directory: /Users/mattgraham/github/wrecked/.bundle/ruby/2.3.0/gems/fast-stemmer-1.0.2/ext
make "DESTDIR=" clean

current directory: /Users/mattgraham/github/wrecked/.bundle/ruby/2.3.0/gems/fast-stemmer-1.0.2/ext
make "DESTDIR="
compiling porter.c
porter.c:359:27: warning: '&&' within '||' [-Wlogical-op-parentheses]
      if (a > 1 || a == 1 && !cvc(z, z->k - 1)) z->k--;
                ~~ ~~~~~~~^~~~~~~~~~~~~~~~~~~~
porter.c:359:27: note: place parentheses around the '&&' expression to silence this warning
      if (a > 1 || a == 1 && !cvc(z, z->k - 1)) z->k--;
                          ^
                   (                          )
1 warning generated.
compiling porter_wrap.c
linking shared-object stemmer.bundle

current directory: /Users/mattgraham/github/wrecked/.bundle/ruby/2.3.0/gems/fast-stemmer-1.0.2/ext
make "DESTDIR=" install
/usr/bin/install -c -m 0755 stemmer.bundle ./.gem.20160908-10599-1tkwnnq
